In file included from [01m[K/home/alberto/Documents/sub_alberto/src/uuv_control/src/dynamic_model_uuv.cpp:21[m[K:
[01m[K/home/alberto/Documents/sub_alberto/src/uuv_control/libs/model/uuv_dynamic_model.h:4:10:[m[K [01;31m[Kfatal error: [m[KEigen/Dense: No such file or directory
    4 | #include [01;31m[K<Eigen/Dense>[m[K
      |          [01;31m[K^~~~~~~~~~~~~[m[K
compilation terminated.
gmake[2]: *** [CMakeFiles/dynamic_model_uuv.dir/build.make:76: CMakeFiles/dynamic_model_uuv.dir/src/dynamic_model_uuv.cpp.o] Error 1
gmake[1]: *** [CMakeFiles/Makefile2:137: CMakeFiles/dynamic_model_uuv.dir/all] Error 2
gmake: *** [Makefile:146: all] Error 2
