In file included from [01m[K/home/alberto/Documents/sub_alberto/src/uuv_control/libs/model/uuv_dynamic_model.cpp:1[m[K:
[01m[K/home/alberto/Documents/sub_alberto/src/uuv_control/libs/model/uuv_dynamic_model.h:4:10:[m[K [01;31m[Kfatal error: [m[KEigen/Dense: No such file or directory
    4 | #include [01;31m[K<Eigen/Dense>[m[K
      |          [01;31m[K^~~~~~~~~~~~~[m[K
compilation terminated.
gmake[2]: *** [CMakeFiles/uuv_model_lib.dir/build.make:76: CMakeFiles/uuv_model_lib.dir/libs/model/uuv_dynamic_model.cpp.o] Error 1
gmake[1]: *** [CMakeFiles/Makefile2:165: CMakeFiles/uuv_model_lib.dir/all] Error 2
gmake: *** [Makefile:146: all] Error 2
